Info: creating stash file /home/chennes/FreeCAD-chennes/src/Gui/.qmake.stash
Updating 'Language/FreeCAD.ts'...
    Found 2032 source text(s) (88 new and 1944 already existing)
    Removed 186 obsolete entries
Info: creating stash file /home/chennes/FreeCAD-chennes/src/Mod/AddonManager/.qmake.stash
Updating 'Resources/translations/AddonManager.ts'...
    Found 74 source text(s) (68 new and 6 already existing)
    Removed 174 obsolete entries
Info: creating stash file /home/chennes/FreeCAD-chennes/src/Mod/Arch/.qmake.stash
Updating 'Resources/translations/Arch.ts'...
    Found 314 source text(s) (0 new and 314 already existing)
    Removed 934 obsolete entries
Info: creating stash file /home/chennes/FreeCAD-chennes/src/Mod/Assembly/.qmake.stash
Updating 'Gui/Resources/translations/Assembly.ts'...
    Found 70 source text(s) (0 new and 70 already existing)
Info: creating stash file /home/chennes/FreeCAD-chennes/src/Mod/Draft/.qmake.stash
Updating 'Resources/translations/Draft.ts'...
    Found 490 source text(s) (10 new and 480 already existing)
    Removed 972 obsolete entries
Info: creating stash file /home/chennes/FreeCAD-chennes/src/Mod/Drawing/.qmake.stash
Updating 'Gui/Resources/translations/Drawing.ts'...
    Found 131 source text(s) (0 new and 131 already existing)
Info: creating stash file /home/chennes/FreeCAD-chennes/src/Mod/Fem/.qmake.stash
Updating 'Gui/Resources/translations/Fem.ts'...
    Found 827 source text(s) (0 new and 827 already existing)
    Removed 110 obsolete entries
Info: creating stash file /home/chennes/FreeCAD-chennes/src/Mod/Image/.qmake.stash
Updating 'Gui/Resources/translations/Image.ts'...
    Found 34 source text(s) (0 new and 34 already existing)
    Removed 2 obsolete entries
Info: creating stash file /home/chennes/FreeCAD-chennes/src/Mod/Mesh/.qmake.stash
Updating 'Gui/Resources/translations/Mesh.ts'...
    Found 411 source text(s) (3 new and 408 already existing)
    Removed 1 obsolete entries
Info: creating stash file /home/chennes/FreeCAD-chennes/src/Mod/MeshPart/.qmake.stash
Updating 'Gui/Resources/translations/MeshPart.ts'...
    Found 102 source text(s) (1 new and 101 already existing)
    Removed 4 obsolete entries
Info: creating stash file /home/chennes/FreeCAD-chennes/src/Mod/OpenSCAD/.qmake.stash
Updating 'Resources/translations/OpenSCAD.ts'...
    Found 32 source text(s) (7 new and 25 already existing)
    Removed 46 obsolete entries
Info: creating stash file /home/chennes/FreeCAD-chennes/src/Mod/PartDesign/.qmake.stash
Updating 'Gui/Resources/translations/PartDesign.ts'...
    Found 820 source text(s) (60 new and 760 already existing)
    Removed 55 obsolete entries
Info: creating stash file /home/chennes/FreeCAD-chennes/src/Mod/Part/.qmake.stash
Updating 'Gui/Resources/translations/Part.ts'...
    Found 1036 source text(s) (10 new and 1026 already existing)
    Removed 29 obsolete entries
Info: creating stash file /home/chennes/FreeCAD-chennes/src/Mod/Path/.qmake.stash
Updating 'Gui/Resources/translations/Path.ts'...
    Found 793 source text(s) (39 new and 754 already existing)
    Removed 861 obsolete entries
ÿ
ÿ
ÿ
ÿ
ÿ
ÿ
ÿ
ÿ
ÿ
ÿ
ÿ
ÿ
ÿ
Info: creating stash file /home/chennes/FreeCAD-chennes/src/Mod/Points/.qmake.stash
Updating 'Gui/Resources/translations/Points.ts'...
    Found 57 source text(s) (0 new and 57 already existing)
Info: creating stash file /home/chennes/FreeCAD-chennes/src/Mod/Raytracing/.qmake.stash
Updating 'Gui/Resources/translations/Raytracing.ts'...
    Found 88 source text(s) (0 new and 88 already existing)
Info: creating stash file /home/chennes/FreeCAD-chennes/src/Mod/ReverseEngineering/.qmake.stash
Updating 'Gui/Resources/translations/ReverseEngineering.ts'...
    Found 101 source text(s) (0 new and 101 already existing)
Info: creating stash file /home/chennes/FreeCAD-chennes/src/Mod/Robot/.qmake.stash
Updating 'Gui/Resources/translations/Robot.ts'...
    Found 179 source text(s) (0 new and 179 already existing)
Info: creating stash file /home/chennes/FreeCAD-chennes/src/Mod/Sketcher/.qmake.stash
Updating 'Gui/Resources/translations/Sketcher.ts'...
    Found 1010 source text(s) (117 new and 893 already existing)
    Removed 59 obsolete entries
Info: creating stash file /home/chennes/FreeCAD-chennes/src/Mod/Spreadsheet/.qmake.stash
Updating 'Gui/Resources/translations/Spreadsheet.ts'...
    Found 186 source text(s) (43 new and 143 already existing)
    Removed 19 obsolete entries
Info: creating stash file /home/chennes/FreeCAD-chennes/src/Mod/Start/.qmake.stash
Updating 'Gui/Resources/translations/Start.ts'...
    Found 54 source text(s) (0 new and 54 already existing)
    Removed 42 obsolete entries
Info: creating stash file /home/chennes/FreeCAD-chennes/src/Mod/TechDraw/.qmake.stash
Updating 'Gui/Resources/translations/TechDraw.ts'...
    Found 1142 source text(s) (219 new and 923 already existing)
    Removed 36 obsolete entries
Info: creating stash file /home/chennes/FreeCAD-chennes/src/Mod/Test/.qmake.stash
Updating 'Gui/Resources/translations/Test.ts'...
    Found 23 source text(s) (0 new and 23 already existing)
Info: creating stash file /home/chennes/FreeCAD-chennes/src/Mod/Tux/.qmake.stash
Updating 'Resources/translations/Tux.ts'...
    Found 0 source text(s) (0 new and 0 already existing)
    Removed 18 obsolete entries
Info: creating stash file /home/chennes/FreeCAD-chennes/src/Mod/Web/.qmake.stash
Updating 'Gui/Resources/translations/Web.ts'...
    Found 29 source text(s) (0 new and 29 already existing)
Info: creating stash file /home/chennes/FreeCAD-chennes/src/Gui/.qmake.stash
Updating 'Language/FreeCAD.ts'...
    Found 2032 source text(s) (88 new and 1944 already existing)
    Removed 186 obsolete entries
Info: creating stash file /home/chennes/FreeCAD-chennes/src/Mod/AddonManager/.qmake.stash
Updating 'Resources/translations/AddonManager.ts'...
    Found 74 source text(s) (68 new and 6 already existing)
    Removed 174 obsolete entries
Info: creating stash file /home/chennes/FreeCAD-chennes/src/Mod/Arch/.qmake.stash
Updating 'Resources/translations/Arch.ts'...
    Found 314 source text(s) (0 new and 314 already existing)
    Removed 934 obsolete entries
Info: creating stash file /home/chennes/FreeCAD-chennes/src/Mod/Assembly/.qmake.stash
Updating 'Gui/Resources/translations/Assembly.ts'...
    Found 70 source text(s) (0 new and 70 already existing)
Info: creating stash file /home/chennes/FreeCAD-chennes/src/Mod/Draft/.qmake.stash
Updating 'Resources/translations/Draft.ts'...
    Found 490 source text(s) (10 new and 480 already existing)
    Removed 972 obsolete entries
Info: creating stash file /home/chennes/FreeCAD-chennes/src/Mod/Drawing/.qmake.stash
Updating 'Gui/Resources/translations/Drawing.ts'...
    Found 131 source text(s) (0 new and 131 already existing)
Info: creating stash file /home/chennes/FreeCAD-chennes/src/Mod/Fem/.qmake.stash
Updating 'Gui/Resources/translations/Fem.ts'...
    Found 827 source text(s) (0 new and 827 already existing)
    Removed 110 obsolete entries
Info: creating stash file /home/chennes/FreeCAD-chennes/src/Mod/Image/.qmake.stash
Updating 'Gui/Resources/translations/Image.ts'...
    Found 34 source text(s) (0 new and 34 already existing)
    Removed 2 obsolete entries
Info: creating stash file /home/chennes/FreeCAD-chennes/src/Mod/Mesh/.qmake.stash
Updating 'Gui/Resources/translations/Mesh.ts'...
    Found 411 source text(s) (3 new and 408 already existing)
    Removed 1 obsolete entries
Info: creating stash file /home/chennes/FreeCAD-chennes/src/Mod/MeshPart/.qmake.stash
Updating 'Gui/Resources/translations/MeshPart.ts'...
    Found 102 source text(s) (1 new and 101 already existing)
    Removed 4 obsolete entries
Info: creating stash file /home/chennes/FreeCAD-chennes/src/Mod/OpenSCAD/.qmake.stash
Updating 'Resources/translations/OpenSCAD.ts'...
    Found 32 source text(s) (7 new and 25 already existing)
    Removed 46 obsolete entries
Info: creating stash file /home/chennes/FreeCAD-chennes/src/Mod/PartDesign/.qmake.stash
Updating 'Gui/Resources/translations/PartDesign.ts'...
    Found 820 source text(s) (60 new and 760 already existing)
    Removed 55 obsolete entries
Info: creating stash file /home/chennes/FreeCAD-chennes/src/Mod/Part/.qmake.stash
Updating 'Gui/Resources/translations/Part.ts'...
    Found 1036 source text(s) (10 new and 1026 already existing)
    Removed 29 obsolete entries
Info: creating stash file /home/chennes/FreeCAD-chennes/src/Mod/Path/.qmake.stash
Updating 'Gui/Resources/translations/Path.ts'...
    Found 793 source text(s) (39 new and 754 already existing)
    Removed 861 obsolete entries
ÿ
ÿ
ÿ
ÿ
ÿ
ÿ
ÿ
ÿ
ÿ
ÿ
ÿ
ÿ
ÿ
Info: creating stash file /home/chennes/FreeCAD-chennes/src/Mod/Points/.qmake.stash
Updating 'Gui/Resources/translations/Points.ts'...
    Found 57 source text(s) (0 new and 57 already existing)
Info: creating stash file /home/chennes/FreeCAD-chennes/src/Mod/Raytracing/.qmake.stash
Updating 'Gui/Resources/translations/Raytracing.ts'...
    Found 88 source text(s) (0 new and 88 already existing)
Info: creating stash file /home/chennes/FreeCAD-chennes/src/Mod/ReverseEngineering/.qmake.stash
Updating 'Gui/Resources/translations/ReverseEngineering.ts'...
    Found 101 source text(s) (0 new and 101 already existing)
Info: creating stash file /home/chennes/FreeCAD-chennes/src/Mod/Robot/.qmake.stash
Updating 'Gui/Resources/translations/Robot.ts'...
    Found 179 source text(s) (0 new and 179 already existing)
Info: creating stash file /home/chennes/FreeCAD-chennes/src/Mod/Sketcher/.qmake.stash
Updating 'Gui/Resources/translations/Sketcher.ts'...
    Found 1010 source text(s) (117 new and 893 already existing)
    Removed 59 obsolete entries
Info: creating stash file /home/chennes/FreeCAD-chennes/src/Mod/Spreadsheet/.qmake.stash
Updating 'Gui/Resources/translations/Spreadsheet.ts'...
    Found 186 source text(s) (43 new and 143 already existing)
    Removed 19 obsolete entries
Info: creating stash file /home/chennes/FreeCAD-chennes/src/Mod/Start/.qmake.stash
Updating 'Gui/Resources/translations/Start.ts'...
    Found 54 source text(s) (0 new and 54 already existing)
    Removed 42 obsolete entries
Info: creating stash file /home/chennes/FreeCAD-chennes/src/Mod/TechDraw/.qmake.stash
Updating 'Gui/Resources/translations/TechDraw.ts'...
    Found 1142 source text(s) (219 new and 923 already existing)
    Removed 36 obsolete entries
Info: creating stash file /home/chennes/FreeCAD-chennes/src/Mod/Test/.qmake.stash
Updating 'Gui/Resources/translations/Test.ts'...
    Found 23 source text(s) (0 new and 23 already existing)
Info: creating stash file /home/chennes/FreeCAD-chennes/src/Mod/Tux/.qmake.stash
Updating 'Resources/translations/Tux.ts'...
    Found 0 source text(s) (0 new and 0 already existing)
    Removed 18 obsolete entries
Info: creating stash file /home/chennes/FreeCAD-chennes/src/Mod/Web/.qmake.stash
Updating 'Gui/Resources/translations/Web.ts'...
    Found 29 source text(s) (0 new and 29 already existing)
Info: creating stash file /home/chennes/FreeCAD-chennes/src/Gui/.qmake.stash
Updating 'Language/FreeCAD.ts'...
    Found 2032 source text(s) (88 new and 1944 already existing)
    Removed 186 obsolete entries
Info: creating stash file /home/chennes/FreeCAD-chennes/src/Mod/AddonManager/.qmake.stash
Updating 'Resources/translations/AddonManager.ts'...
    Found 74 source text(s) (68 new and 6 already existing)
    Removed 175 obsolete entries
Info: creating stash file /home/chennes/FreeCAD-chennes/src/Mod/Arch/.qmake.stash
Updating 'Resources/translations/Arch.ts'...
    Found 314 source text(s) (0 new and 314 already existing)
    Removed 934 obsolete entries
Info: creating stash file /home/chennes/FreeCAD-chennes/src/Mod/Assembly/.qmake.stash
Updating 'Gui/Resources/translations/Assembly.ts'...
    Found 70 source text(s) (0 new and 70 already existing)
Info: creating stash file /home/chennes/FreeCAD-chennes/src/Mod/Draft/.qmake.stash
Updating 'Resources/translations/Draft.ts'...
    Found 490 source text(s) (10 new and 480 already existing)
    Removed 972 obsolete entries
Info: creating stash file /home/chennes/FreeCAD-chennes/src/Mod/Drawing/.qmake.stash
Updating 'Gui/Resources/translations/Drawing.ts'...
    Found 131 source text(s) (0 new and 131 already existing)
Info: creating stash file /home/chennes/FreeCAD-chennes/src/Mod/Fem/.qmake.stash
Updating 'Gui/Resources/translations/Fem.ts'...
    Found 827 source text(s) (0 new and 827 already existing)
    Removed 110 obsolete entries
Info: creating stash file /home/chennes/FreeCAD-chennes/src/Mod/Image/.qmake.stash
Updating 'Gui/Resources/translations/Image.ts'...
    Found 34 source text(s) (0 new and 34 already existing)
    Removed 2 obsolete entries
Info: creating stash file /home/chennes/FreeCAD-chennes/src/Mod/Mesh/.qmake.stash
Updating 'Gui/Resources/translations/Mesh.ts'...
    Found 411 source text(s) (3 new and 408 already existing)
    Removed 1 obsolete entries
Info: creating stash file /home/chennes/FreeCAD-chennes/src/Mod/MeshPart/.qmake.stash
Updating 'Gui/Resources/translations/MeshPart.ts'...
    Found 102 source text(s) (1 new and 101 already existing)
    Removed 4 obsolete entries
Info: creating stash file /home/chennes/FreeCAD-chennes/src/Mod/OpenSCAD/.qmake.stash
Updating 'Resources/translations/OpenSCAD.ts'...
    Found 32 source text(s) (7 new and 25 already existing)
    Removed 46 obsolete entries
Info: creating stash file /home/chennes/FreeCAD-chennes/src/Mod/PartDesign/.qmake.stash
Updating 'Gui/Resources/translations/PartDesign.ts'...
    Found 820 source text(s) (60 new and 760 already existing)
    Removed 55 obsolete entries
Info: creating stash file /home/chennes/FreeCAD-chennes/src/Mod/Part/.qmake.stash
Updating 'Gui/Resources/translations/Part.ts'...
    Found 1036 source text(s) (10 new and 1026 already existing)
    Removed 29 obsolete entries
Info: creating stash file /home/chennes/FreeCAD-chennes/src/Mod/Path/.qmake.stash
Updating 'Gui/Resources/translations/Path.ts'...
    Found 793 source text(s) (39 new and 754 already existing)
    Removed 861 obsolete entries
ÿ
ÿ
ÿ
ÿ
ÿ
ÿ
ÿ
ÿ
ÿ
ÿ
ÿ
ÿ
ÿ
Info: creating stash file /home/chennes/FreeCAD-chennes/src/Mod/Points/.qmake.stash
Updating 'Gui/Resources/translations/Points.ts'...
    Found 57 source text(s) (0 new and 57 already existing)
Info: creating stash file /home/chennes/FreeCAD-chennes/src/Mod/Raytracing/.qmake.stash
Updating 'Gui/Resources/translations/Raytracing.ts'...
    Found 88 source text(s) (0 new and 88 already existing)
Info: creating stash file /home/chennes/FreeCAD-chennes/src/Mod/ReverseEngineering/.qmake.stash
Updating 'Gui/Resources/translations/ReverseEngineering.ts'...
    Found 101 source text(s) (0 new and 101 already existing)
Info: creating stash file /home/chennes/FreeCAD-chennes/src/Mod/Robot/.qmake.stash
Updating 'Gui/Resources/translations/Robot.ts'...
    Found 179 source text(s) (0 new and 179 already existing)
Info: creating stash file /home/chennes/FreeCAD-chennes/src/Mod/Sketcher/.qmake.stash
Updating 'Gui/Resources/translations/Sketcher.ts'...
    Found 1010 source text(s) (117 new and 893 already existing)
    Removed 59 obsolete entries
Info: creating stash file /home/chennes/FreeCAD-chennes/src/Mod/Spreadsheet/.qmake.stash
Updating 'Gui/Resources/translations/Spreadsheet.ts'...
    Found 186 source text(s) (43 new and 143 already existing)
    Removed 19 obsolete entries
Info: creating stash file /home/chennes/FreeCAD-chennes/src/Mod/Start/.qmake.stash
Updating 'Gui/Resources/translations/Start.ts'...
    Found 54 source text(s) (0 new and 54 already existing)
    Removed 42 obsolete entries
Info: creating stash file /home/chennes/FreeCAD-chennes/src/Mod/TechDraw/.qmake.stash
Updating 'Gui/Resources/translations/TechDraw.ts'...
    Found 1142 source text(s) (219 new and 923 already existing)
    Removed 36 obsolete entries
Info: creating stash file /home/chennes/FreeCAD-chennes/src/Mod/Test/.qmake.stash
Updating 'Gui/Resources/translations/Test.ts'...
    Found 23 source text(s) (0 new and 23 already existing)
Info: creating stash file /home/chennes/FreeCAD-chennes/src/Mod/Tux/.qmake.stash
Updating 'Resources/translations/Tux.ts'...
    Found 0 source text(s) (0 new and 0 already existing)
    Removed 18 obsolete entries
Info: creating stash file /home/chennes/FreeCAD-chennes/src/Mod/Web/.qmake.stash
Updating 'Gui/Resources/translations/Web.ts'...
    Found 29 source text(s) (0 new and 29 already existing)
Info: creating stash file /home/chennes/FreeCAD-chennes/src/Gui/.qmake.stash
Updating 'Language/FreeCAD.ts'...
    Found 2032 source text(s) (88 new and 1944 already existing)
    Removed 186 obsolete entries
Info: creating stash file /home/chennes/FreeCAD-chennes/src/Mod/AddonManager/.qmake.stash
Updating 'Resources/translations/AddonManager.ts'...
    Found 74 source text(s) (68 new and 6 already existing)
    Removed 181 obsolete entries
Info: creating stash file /home/chennes/FreeCAD-chennes/src/Mod/Arch/.qmake.stash
Updating 'Resources/translations/Arch.ts'...
    Found 314 source text(s) (0 new and 314 already existing)
    Removed 934 obsolete entries
Info: creating stash file /home/chennes/FreeCAD-chennes/src/Mod/Assembly/.qmake.stash
Updating 'Gui/Resources/translations/Assembly.ts'...
    Found 70 source text(s) (0 new and 70 already existing)
Info: creating stash file /home/chennes/FreeCAD-chennes/src/Mod/Draft/.qmake.stash
Updating 'Resources/translations/Draft.ts'...
    Found 490 source text(s) (10 new and 480 already existing)
    Removed 972 obsolete entries
Info: creating stash file /home/chennes/FreeCAD-chennes/src/Mod/Drawing/.qmake.stash
Updating 'Gui/Resources/translations/Drawing.ts'...
    Found 131 source text(s) (0 new and 131 already existing)
Info: creating stash file /home/chennes/FreeCAD-chennes/src/Mod/Fem/.qmake.stash
Updating 'Gui/Resources/translations/Fem.ts'...
    Found 827 source text(s) (0 new and 827 already existing)
    Removed 110 obsolete entries
Info: creating stash file /home/chennes/FreeCAD-chennes/src/Mod/Image/.qmake.stash
Updating 'Gui/Resources/translations/Image.ts'...
    Found 34 source text(s) (0 new and 34 already existing)
    Removed 2 obsolete entries
Info: creating stash file /home/chennes/FreeCAD-chennes/src/Mod/Mesh/.qmake.stash
Updating 'Gui/Resources/translations/Mesh.ts'...
    Found 411 source text(s) (3 new and 408 already existing)
    Removed 1 obsolete entries
Info: creating stash file /home/chennes/FreeCAD-chennes/src/Mod/MeshPart/.qmake.stash
Updating 'Gui/Resources/translations/MeshPart.ts'...
    Found 102 source text(s) (1 new and 101 already existing)
    Removed 4 obsolete entries
Info: creating stash file /home/chennes/FreeCAD-chennes/src/Mod/OpenSCAD/.qmake.stash
Updating 'Resources/translations/OpenSCAD.ts'...
    Found 32 source text(s) (7 new and 25 already existing)
    Removed 46 obsolete entries
Info: creating stash file /home/chennes/FreeCAD-chennes/src/Mod/PartDesign/.qmake.stash
Updating 'Gui/Resources/translations/PartDesign.ts'...
    Found 820 source text(s) (60 new and 760 already existing)
    Removed 55 obsolete entries
Info: creating stash file /home/chennes/FreeCAD-chennes/src/Mod/Part/.qmake.stash
Updating 'Gui/Resources/translations/Part.ts'...
    Found 1036 source text(s) (10 new and 1026 already existing)
    Removed 29 obsolete entries
Info: creating stash file /home/chennes/FreeCAD-chennes/src/Mod/Path/.qmake.stash
Updating 'Gui/Resources/translations/Path.ts'...
    Found 793 source text(s) (39 new and 754 already existing)
    Removed 861 obsolete entries
ÿ
ÿ
ÿ
ÿ
ÿ
ÿ
ÿ
ÿ
ÿ
ÿ
ÿ
ÿ
ÿ
Info: creating stash file /home/chennes/FreeCAD-chennes/src/Mod/Points/.qmake.stash
Updating 'Gui/Resources/translations/Points.ts'...
    Found 57 source text(s) (0 new and 57 already existing)
Info: creating stash file /home/chennes/FreeCAD-chennes/src/Mod/Raytracing/.qmake.stash
Updating 'Gui/Resources/translations/Raytracing.ts'...
    Found 88 source text(s) (0 new and 88 already existing)
Info: creating stash file /home/chennes/FreeCAD-chennes/src/Mod/ReverseEngineering/.qmake.stash
Updating 'Gui/Resources/translations/ReverseEngineering.ts'...
    Found 101 source text(s) (0 new and 101 already existing)
Info: creating stash file /home/chennes/FreeCAD-chennes/src/Mod/Robot/.qmake.stash
Updating 'Gui/Resources/translations/Robot.ts'...
    Found 179 source text(s) (0 new and 179 already existing)
Info: creating stash file /home/chennes/FreeCAD-chennes/src/Mod/Sketcher/.qmake.stash
Updating 'Gui/Resources/translations/Sketcher.ts'...
    Found 1010 source text(s) (117 new and 893 already existing)
    Removed 59 obsolete entries
Info: creating stash file /home/chennes/FreeCAD-chennes/src/Mod/Spreadsheet/.qmake.stash
Updating 'Gui/Resources/translations/Spreadsheet.ts'...
    Found 186 source text(s) (43 new and 143 already existing)
    Removed 19 obsolete entries
Info: creating stash file /home/chennes/FreeCAD-chennes/src/Mod/Start/.qmake.stash
Updating 'Gui/Resources/translations/Start.ts'...
    Found 54 source text(s) (0 new and 54 already existing)
    Removed 42 obsolete entries
Info: creating stash file /home/chennes/FreeCAD-chennes/src/Mod/TechDraw/.qmake.stash
Updating 'Gui/Resources/translations/TechDraw.ts'...
    Found 1142 source text(s) (219 new and 923 already existing)
    Removed 36 obsolete entries
Info: creating stash file /home/chennes/FreeCAD-chennes/src/Mod/Test/.qmake.stash
Updating 'Gui/Resources/translations/Test.ts'...
    Found 23 source text(s) (0 new and 23 already existing)
Info: creating stash file /home/chennes/FreeCAD-chennes/src/Mod/Tux/.qmake.stash
Updating 'Resources/translations/Tux.ts'...
    Found 0 source text(s) (0 new and 0 already existing)
    Removed 18 obsolete entries
Info: creating stash file /home/chennes/FreeCAD-chennes/src/Mod/Web/.qmake.stash
Updating 'Gui/Resources/translations/Web.ts'...
    Found 29 source text(s) (0 new and 29 already existing)
Info: creating stash file /home/chennes/FreeCAD-chennes/src/Gui/.qmake.stash
Updating 'Language/FreeCAD.ts'...
    Found 2032 source text(s) (88 new and 1944 already existing)
    Removed 186 obsolete entries
Info: creating stash file /home/chennes/FreeCAD-chennes/src/Mod/AddonManager/.qmake.stash
Updating 'Resources/translations/AddonManager.ts'...
    Found 74 source text(s) (68 new and 6 already existing)
    Removed 181 obsolete entries
Info: creating stash file /home/chennes/FreeCAD-chennes/src/Mod/Arch/.qmake.stash
Updating 'Resources/translations/Arch.ts'...
    Found 314 source text(s) (0 new and 314 already existing)
    Removed 934 obsolete entries
Info: creating stash file /home/chennes/FreeCAD-chennes/src/Mod/Assembly/.qmake.stash
Updating 'Gui/Resources/translations/Assembly.ts'...
    Found 70 source text(s) (0 new and 70 already existing)
Info: creating stash file /home/chennes/FreeCAD-chennes/src/Mod/Draft/.qmake.stash
Updating 'Resources/translations/Draft.ts'...
    Found 490 source text(s) (10 new and 480 already existing)
    Removed 972 obsolete entries
Info: creating stash file /home/chennes/FreeCAD-chennes/src/Mod/Drawing/.qmake.stash
Updating 'Gui/Resources/translations/Drawing.ts'...
    Found 131 source text(s) (0 new and 131 already existing)
Info: creating stash file /home/chennes/FreeCAD-chennes/src/Mod/Fem/.qmake.stash
Updating 'Gui/Resources/translations/Fem.ts'...
    Found 827 source text(s) (0 new and 827 already existing)
    Removed 110 obsolete entries
Info: creating stash file /home/chennes/FreeCAD-chennes/src/Mod/Image/.qmake.stash
Updating 'Gui/Resources/translations/Image.ts'...
    Found 34 source text(s) (0 new and 34 already existing)
    Removed 2 obsolete entries
Info: creating stash file /home/chennes/FreeCAD-chennes/src/Mod/Mesh/.qmake.stash
Updating 'Gui/Resources/translations/Mesh.ts'...
    Found 411 source text(s) (3 new and 408 already existing)
    Removed 1 obsolete entries
Info: creating stash file /home/chennes/FreeCAD-chennes/src/Mod/MeshPart/.qmake.stash
Updating 'Gui/Resources/translations/MeshPart.ts'...
    Found 102 source text(s) (1 new and 101 already existing)
    Removed 4 obsolete entries
Info: creating stash file /home/chennes/FreeCAD-chennes/src/Mod/OpenSCAD/.qmake.stash
Updating 'Resources/translations/OpenSCAD.ts'...
    Found 32 source text(s) (7 new and 25 already existing)
    Removed 46 obsolete entries
Info: creating stash file /home/chennes/FreeCAD-chennes/src/Mod/PartDesign/.qmake.stash
Updating 'Gui/Resources/translations/PartDesign.ts'...
    Found 820 source text(s) (60 new and 760 already existing)
    Removed 55 obsolete entries
Info: creating stash file /home/chennes/FreeCAD-chennes/src/Mod/Part/.qmake.stash
Updating 'Gui/Resources/translations/Part.ts'...
    Found 1036 source text(s) (10 new and 1026 already existing)
    Removed 29 obsolete entries
Info: creating stash file /home/chennes/FreeCAD-chennes/src/Mod/Path/.qmake.stash
Updating 'Gui/Resources/translations/Path.ts'...
    Found 793 source text(s) (39 new and 754 already existing)
    Removed 861 obsolete entries
ÿ
ÿ
ÿ
ÿ
ÿ
ÿ
ÿ
ÿ
ÿ
ÿ
ÿ
ÿ
ÿ
Info: creating stash file /home/chennes/FreeCAD-chennes/src/Mod/Points/.qmake.stash
Updating 'Gui/Resources/translations/Points.ts'...
    Found 57 source text(s) (0 new and 57 already existing)
Info: creating stash file /home/chennes/FreeCAD-chennes/src/Mod/Raytracing/.qmake.stash
Updating 'Gui/Resources/translations/Raytracing.ts'...
    Found 88 source text(s) (0 new and 88 already existing)
Info: creating stash file /home/chennes/FreeCAD-chennes/src/Mod/ReverseEngineering/.qmake.stash
Updating 'Gui/Resources/translations/ReverseEngineering.ts'...
    Found 101 source text(s) (0 new and 101 already existing)
Info: creating stash file /home/chennes/FreeCAD-chennes/src/Mod/Robot/.qmake.stash
Updating 'Gui/Resources/translations/Robot.ts'...
    Found 179 source text(s) (0 new and 179 already existing)
Info: creating stash file /home/chennes/FreeCAD-chennes/src/Mod/Sketcher/.qmake.stash
Updating 'Gui/Resources/translations/Sketcher.ts'...
    Found 1010 source text(s) (117 new and 893 already existing)
    Removed 59 obsolete entries
Info: creating stash file /home/chennes/FreeCAD-chennes/src/Mod/Spreadsheet/.qmake.stash
Updating 'Gui/Resources/translations/Spreadsheet.ts'...
    Found 186 source text(s) (43 new and 143 already existing)
    Removed 19 obsolete entries
Info: creating stash file /home/chennes/FreeCAD-chennes/src/Mod/Start/.qmake.stash
Updating 'Gui/Resources/translations/Start.ts'...
    Found 54 source text(s) (0 new and 54 already existing)
    Removed 42 obsolete entries
Info: creating stash file /home/chennes/FreeCAD-chennes/src/Mod/TechDraw/.qmake.stash
Updating 'Gui/Resources/translations/TechDraw.ts'...
    Found 1142 source text(s) (219 new and 923 already existing)
    Removed 36 obsolete entries
Info: creating stash file /home/chennes/FreeCAD-chennes/src/Mod/Test/.qmake.stash
Updating 'Gui/Resources/translations/Test.ts'...
    Found 23 source text(s) (0 new and 23 already existing)
Info: creating stash file /home/chennes/FreeCAD-chennes/src/Mod/Tux/.qmake.stash
Updating 'Resources/translations/Tux.ts'...
    Found 0 source text(s) (0 new and 0 already existing)
    Removed 18 obsolete entries
Info: creating stash file /home/chennes/FreeCAD-chennes/src/Mod/Web/.qmake.stash
Updating 'Gui/Resources/translations/Web.ts'...
    Found 29 source text(s) (0 new and 29 already existing)
Info: creating stash file /home/chennes/FreeCAD-chennes/src/Gui/.qmake.stash
Updating 'Language/FreeCAD.ts'...
    Found 2032 source text(s) (88 new and 1944 already existing)
    Removed 186 obsolete entries
Info: creating stash file /home/chennes/FreeCAD-chennes/src/Mod/AddonManager/.qmake.stash
Updating 'Resources/translations/AddonManager.ts'...
    Found 74 source text(s) (68 new and 6 already existing)
    Removed 181 obsolete entries
Info: creating stash file /home/chennes/FreeCAD-chennes/src/Mod/Arch/.qmake.stash
Updating 'Resources/translations/Arch.ts'...
    Found 314 source text(s) (0 new and 314 already existing)
    Removed 934 obsolete entries
Info: creating stash file /home/chennes/FreeCAD-chennes/src/Mod/Assembly/.qmake.stash
Updating 'Gui/Resources/translations/Assembly.ts'...
    Found 70 source text(s) (0 new and 70 already existing)
Info: creating stash file /home/chennes/FreeCAD-chennes/src/Mod/Draft/.qmake.stash
Updating 'Resources/translations/Draft.ts'...
    Found 490 source text(s) (10 new and 480 already existing)
    Removed 972 obsolete entries
Info: creating stash file /home/chennes/FreeCAD-chennes/src/Mod/Drawing/.qmake.stash
Updating 'Gui/Resources/translations/Drawing.ts'...
    Found 131 source text(s) (0 new and 131 already existing)
Info: creating stash file /home/chennes/FreeCAD-chennes/src/Mod/Fem/.qmake.stash
Updating 'Gui/Resources/translations/Fem.ts'...
    Found 827 source text(s) (0 new and 827 already existing)
    Removed 110 obsolete entries
Info: creating stash file /home/chennes/FreeCAD-chennes/src/Mod/Image/.qmake.stash
Updating 'Gui/Resources/translations/Image.ts'...
    Found 34 source text(s) (0 new and 34 already existing)
    Removed 2 obsolete entries
Info: creating stash file /home/chennes/FreeCAD-chennes/src/Mod/Mesh/.qmake.stash
Updating 'Gui/Resources/translations/Mesh.ts'...
    Found 411 source text(s) (3 new and 408 already existing)
    Removed 1 obsolete entries
Info: creating stash file /home/chennes/FreeCAD-chennes/src/Mod/MeshPart/.qmake.stash
Updating 'Gui/Resources/translations/MeshPart.ts'...
    Found 102 source text(s) (1 new and 101 already existing)
    Removed 4 obsolete entries
Info: creating stash file /home/chennes/FreeCAD-chennes/src/Mod/OpenSCAD/.qmake.stash
Updating 'Resources/translations/OpenSCAD.ts'...
    Found 32 source text(s) (7 new and 25 already existing)
    Removed 46 obsolete entries
Info: creating stash file /home/chennes/FreeCAD-chennes/src/Mod/PartDesign/.qmake.stash
Updating 'Gui/Resources/translations/PartDesign.ts'...
    Found 820 source text(s) (60 new and 760 already existing)
    Removed 55 obsolete entries
Info: creating stash file /home/chennes/FreeCAD-chennes/src/Mod/Part/.qmake.stash
Updating 'Gui/Resources/translations/Part.ts'...
    Found 1036 source text(s) (10 new and 1026 already existing)
    Removed 29 obsolete entries
Info: creating stash file /home/chennes/FreeCAD-chennes/src/Mod/Path/.qmake.stash
Updating 'Gui/Resources/translations/Path.ts'...
    Found 793 source text(s) (39 new and 754 already existing)
    Removed 861 obsolete entries
ÿ
ÿ
ÿ
ÿ
ÿ
ÿ
ÿ
ÿ
ÿ
ÿ
ÿ
ÿ
ÿ
Info: creating stash file /home/chennes/FreeCAD-chennes/src/Mod/Points/.qmake.stash
Updating 'Gui/Resources/translations/Points.ts'...
    Found 57 source text(s) (0 new and 57 already existing)
Info: creating stash file /home/chennes/FreeCAD-chennes/src/Mod/Raytracing/.qmake.stash
Updating 'Gui/Resources/translations/Raytracing.ts'...
    Found 88 source text(s) (0 new and 88 already existing)
Info: creating stash file /home/chennes/FreeCAD-chennes/src/Mod/ReverseEngineering/.qmake.stash
Updating 'Gui/Resources/translations/ReverseEngineering.ts'...
    Found 101 source text(s) (0 new and 101 already existing)
Info: creating stash file /home/chennes/FreeCAD-chennes/src/Mod/Robot/.qmake.stash
Updating 'Gui/Resources/translations/Robot.ts'...
    Found 179 source text(s) (0 new and 179 already existing)
Info: creating stash file /home/chennes/FreeCAD-chennes/src/Mod/Sketcher/.qmake.stash
Updating 'Gui/Resources/translations/Sketcher.ts'...
    Found 1010 source text(s) (117 new and 893 already existing)
    Removed 59 obsolete entries
Info: creating stash file /home/chennes/FreeCAD-chennes/src/Mod/Spreadsheet/.qmake.stash
Updating 'Gui/Resources/translations/Spreadsheet.ts'...
    Found 186 source text(s) (43 new and 143 already existing)
    Removed 19 obsolete entries
Info: creating stash file /home/chennes/FreeCAD-chennes/src/Mod/Start/.qmake.stash
Updating 'Gui/Resources/translations/Start.ts'...
    Found 54 source text(s) (0 new and 54 already existing)
    Removed 42 obsolete entries
Info: creating stash file /home/chennes/FreeCAD-chennes/src/Mod/TechDraw/.qmake.stash
Updating 'Gui/Resources/translations/TechDraw.ts'...
    Found 1142 source text(s) (219 new and 923 already existing)
    Removed 36 obsolete entries
Info: creating stash file /home/chennes/FreeCAD-chennes/src/Mod/Test/.qmake.stash
Updating 'Gui/Resources/translations/Test.ts'...
    Found 23 source text(s) (0 new and 23 already existing)
Info: creating stash file /home/chennes/FreeCAD-chennes/src/Mod/Tux/.qmake.stash
Updating 'Resources/translations/Tux.ts'...
    Found 0 source text(s) (0 new and 0 already existing)
    Removed 18 obsolete entries
Info: creating stash file /home/chennes/FreeCAD-chennes/src/Mod/Web/.qmake.stash
Updating 'Gui/Resources/translations/Web.ts'...
    Found 29 source text(s) (0 new and 29 already existing)
